<?xml version="1.0" encoding="UTF-8" ?>
<testsuites disabled="0" errors="0" failures="1" tests="1" time="7.055">
 <testsuite name="A login page" timestamp="2021-03-07T13:50:07" hostname="localhost" time="7.055" errors="0" tests="1" skipped="0" disabled="0" failures="1">
  <testcase classname="A login page" name="login page" time="7.052">
   <failure type="exception" message="Failed: unknown error: cannot determine loading status
from unknown error: cannot determine loading status
from disconnected: received Inspector.detached event
  (Session info: chrome=88.0.4324.192)
  (Driver info: chromedriver=88.0.4324.96 (68dba2d8a0b149a1d3afac56fa74648032bcf46b-refs/branch-heads/4324@{#1784}),platform=Mac OS X 10.15.7 x86_64)"><![CDATA[WebDriverError: unknown error: cannot determine loading status
from unknown error: cannot determine loading status
from disconnected: received Inspector.detached event
  (Session info: chrome=88.0.4324.192)
  (Driver info: chromedriver=88.0.4324.96 (68dba2d8a0b149a1d3afac56fa74648032bcf46b-refs/branch-heads/4324@{#1784}),platform=Mac OS X 10.15.7 x86_64)
    at Object.checkLegacyResponse (/usr/local/lib/node_modules/protractor/node_modules/selenium-webdriver/lib/error.js:546:15)
    at parseHttpResponse (/usr/local/lib/node_modules/protractor/node_modules/selenium-webdriver/lib/http.js:509:13)
    at /usr/local/lib/node_modules/protractor/node_modules/selenium-webdriver/lib/http.js:441:30
    at processTicksAndRejections (internal/process/task_queues.js:93:5)
From: Task: WebDriver.navigate().to(https://weidner.securecafe.com/onlineleasing/a-cappella/guestlogin.aspx)
    at Driver.schedule (/usr/local/lib/node_modules/protractor/node_modules/selenium-webdriver/lib/webdriver.js:807:17)
    at Navigation.to (/usr/local/lib/node_modules/protractor/node_modules/selenium-webdriver/lib/webdriver.js:1133:25)
    at Driver.get (/usr/local/lib/node_modules/protractor/node_modules/selenium-webdriver/lib/webdriver.js:988:28)
    at ProtractorBrowser.get (/usr/local/lib/node_modules/protractor/built/browser.js:653:32)
    at loginFun.getURL (/Users/BharathG/Documents/Automation/Protractor/pages/loginPage.js:9:17)
    at UserContext.<anonymous> (/Users/BharathG/Documents/Automation/Protractor/tests/loginpage.spec.js:8:26)
    at /usr/local/lib/node_modules/protractor/node_modules/jasminewd2/index.js:112:25
    at new ManagedPromise (/usr/local/lib/node_modules/protractor/node_modules/selenium-webdriver/lib/promise.js:1077:7)
    at ControlFlow.promise (/usr/local/lib/node_modules/protractor/node_modules/selenium-webdriver/lib/promise.js:2505:12)
    at schedulerExecute (/usr/local/lib/node_modules/protractor/node_modules/jasminewd2/index.js:95:18)
From: Task: Run it("login page") in control flow
    at UserContext.<anonymous> (/usr/local/lib/node_modules/protractor/node_modules/jasminewd2/index.js:94:19)
    at attempt (/usr/local/lib/node_modules/protractor/node_modules/jasmine-core/lib/jasmine-core/jasmine.js:4297:26)
    at QueueRunner.run (/usr/local/lib/node_modules/protractor/node_modules/jasmine-core/lib/jasmine-core/jasmine.js:4217:20)
    at QueueRunner.execute (/usr/local/lib/node_modules/protractor/node_modules/jasmine-core/lib/jasmine-core/jasmine.js:4199:10)
    at Spec.queueRunnerFactory (/usr/local/lib/node_modules/protractor/node_modules/jasmine-core/lib/jasmine-core/jasmine.js:909:35)
    at Spec.execute (/usr/local/lib/node_modules/protractor/node_modules/jasmine-core/lib/jasmine-core/jasmine.js:526:10)
    at UserContext.fn (/usr/local/lib/node_modules/protractor/node_modules/jasmine-core/lib/jasmine-core/jasmine.js:5340:37)
    at attempt (/usr/local/lib/node_modules/protractor/node_modules/jasmine-core/lib/jasmine-core/jasmine.js:4297:26)
    at QueueRunner.run (/usr/local/lib/node_modules/protractor/node_modules/jasmine-core/lib/jasmine-core/jasmine.js:4217:20)
    at QueueRunner.execute (/usr/local/lib/node_modules/protractor/node_modules/jasmine-core/lib/jasmine-core/jasmine.js:4199:10)
From asynchronous test: 
Error
    at Suite.<anonymous> (/Users/BharathG/Documents/Automation/Protractor/tests/loginpage.spec.js:5:5)
    at addSpecsToSuite (/usr/local/lib/node_modules/protractor/node_modules/jasmine-core/lib/jasmine-core/jasmine.js:1107:25)
    at Env.describe (/usr/local/lib/node_modules/protractor/node_modules/jasmine-core/lib/jasmine-core/jasmine.js:1074:7)
    at describe (/usr/local/lib/node_modules/protractor/node_modules/jasmine-core/lib/jasmine-core/jasmine.js:4399:18)
    at Object.<anonymous> (/Users/BharathG/Documents/Automation/Protractor/tests/loginpage.spec.js:3:1)
    at Module._compile (internal/modules/cjs/loader.js:959:30)
    at Object.Module._extensions..js (internal/modules/cjs/loader.js:995:10)
    at Module.load (internal/modules/cjs/loader.js:815:32)
    at Function.Module._load (internal/modules/cjs/loader.js:727:14)]]>
   </failure>
  </testcase>
 </testsuite>
</testsuites>