<?xml version="1.0" encoding="UTF-8" standalone="no"?>
<testsuite errors="0" failures="1" name="io.cucumber.core.plugin.JUnitFormatter" skipped="0" tests="4" time="0.594">
<testcase classname="feature to test google search functionality" name="validate google seach working" time="0.176">
<failure message="The driver executable must exist: /src/test/resources/drivers/chromedriver" type="java.lang.IllegalStateException"><![CDATA[Given browser is open and user is on google search..........................failed
When user enters text in search box.........................................skipped
And user clicks on search button............................................skipped
Then user is navigated to search results....................................skipped

StackTrace:
java.lang.IllegalStateException: The driver executable must exist: /src/test/resources/drivers/chromedriver
	at org.openqa.selenium.internal.Require$FileStateChecker.isFile(Require.java:289)
	at org.openqa.selenium.remote.service.DriverService.checkExecutable(DriverService.java:154)
	at org.openqa.selenium.remote.service.DriverService.findExecutable(DriverService.java:149)
	at org.openqa.selenium.chrome.ChromeDriverService.access$000(ChromeDriverService.java:37)
	at org.openqa.selenium.chrome.ChromeDriverService$Builder.findDefaultExecutable(ChromeDriverService.java:222)
	at org.openqa.selenium.remote.service.DriverService$Builder.build(DriverService.java:405)
	at org.openqa.selenium.chrome.ChromeDriverService.createDefaultService(ChromeDriverService.java:119)
	at org.openqa.selenium.chrome.ChromeDriver.<init>(ChromeDriver.java:105)
	at StepDefinitions.GoogleSearchSteps.browser_is_open_and_user_is_on_google_search(GoogleSearchSteps.java:20)
	at ✽.browser is open and user is on google search(file:///Users/BharathG/eclipse-workspace/CucumberJava/src/test/resources/Features/GoogleSearch.feature:5)
]]></failure>
</testcase>
<testcase classname="feature to test login functionality" name="Check Login is successfull with valid credentials" time="0.017">
<system-out><![CDATA[Given user is on login page.................................................passed
When user enters username and password......................................passed
And clicks on login button..................................................passed
Then user is navigated to home page.........................................passed
]]></system-out>
</testcase>
<testcase classname="feature to test login functionality" name="Check user Login is successfull with valid credentials" time="0.007">
<system-out><![CDATA[Given user is on login page.................................................passed
When user enters valid user1 and pass1......................................passed
And user clicks on login button.............................................passed
Then user navigated to the home page........................................passed
]]></system-out>
</testcase>
<testcase classname="feature to test login functionality" name="Check user Login is successfull with valid credentials 2" time="0.031">
<system-out><![CDATA[Given user is on login page.................................................passed
When user enters valid user2 and pass2......................................passed
And user clicks on login button.............................................passed
Then user navigated to the home page........................................passed
]]></system-out>
</testcase>
</testsuite>
